{"uid":"4b4757e66a1912dae1a509f688f20b0f","name":"categories","children":[{"name":"Test defects","children":[{"name":"selenium.common.exceptions.NoSuchElementException: Message: no such element: Unable to locate element: {\"method\":\"xpath\",\"selector\":\"//*[@id=\"react-application\"]/div/div/div[1]/div/div[3]/div[2]/div/div/div/div/div/div/div/div[2]/div/div/button\"}\n  (Session info: chrome=120.0.6099.109); For documentation on this error, please visit: https://www.selenium.dev/documentation/webdriver/troubleshooting/errors#no-such-element-exception\nStacktrace:\n\tGetHandleVerifier [0x011F6E73+174291]\n\t(No symbol) [0x01120AC1]\n\t(No symbol) [0x00E36FF6]\n\t(No symbol) [0x00E69876]\n\t(No symbol) [0x00E69C2C]\n\t(No symbol) [0x00E9BD42]\n\t(No symbol) [0x00E87054]\n\t(No symbol) [0x00E9A104]\n\t(No symbol) [0x00E86DA6]\n\t(No symbol) [0x00E61034]\n\t(No symbol) [0x00E61F8D]\n\tGetHandleVerifier [0x012949CC+820268]\n\tsqlite3_dbdata_init [0x01354EBE+652494]\n\tsqlite3_dbdata_init [0x013548D9+650985]\n\tsqlite3_dbdata_init [0x0134962C+605244]\n\tsqlite3_dbdata_init [0x0135586B+654971]\n\t(No symbol) [0x0112FEBC]\n\t(No symbol) [0x01128428]\n\t(No symbol) [0x0112854D]\n\t(No symbol) [0x01115858]\n\tBaseThreadInitThunk [0x75B17BA9+25]\n\tRtlInitializeExceptionChain [0x7749BD2B+107]\n\tRtlClearBits [0x7749BCAF+191]","children":[{"name":"test_filter_is_clickable","uid":"39136310d2c8a621","parentUid":"9f11893d2265835788c2526ae025c078","status":"broken","time":{"start":1702834284675,"stop":1702834286783,"duration":2108},"flaky":false,"newFailed":false,"newPassed":false,"newBroken":false,"retriesCount":0,"retriesStatusChange":false,"parameters":[],"tags":[]}],"uid":"9f11893d2265835788c2526ae025c078"},{"name":"AttributeError: type object 'BasePageLocators' has no attribute 'REGISTER_BUTTON'","children":[{"name":"test_buttons_are_displayed","uid":"9714dc44f7352ec","parentUid":"5f387f7b452661a1c0584d9951583982","status":"broken","time":{"start":1702834310991,"stop":1702834313420,"duration":2429},"flaky":false,"newFailed":false,"newPassed":false,"newBroken":false,"retriesCount":0,"retriesStatusChange":false,"parameters":[],"tags":[]}],"uid":"5f387f7b452661a1c0584d9951583982"},{"name":"selenium.common.exceptions.NoSuchElementException: Message: no such element: Unable to locate element: {\"method\":\"css selector\",\"selector\":\"[id=\"username\"]\"}\n  (Session info: chrome=120.0.6099.109); For documentation on this error, please visit: https://www.selenium.dev/documentation/webdriver/troubleshooting/errors#no-such-element-exception\nStacktrace:\n\tGetHandleVerifier [0x011F6E73+174291]\n\t(No symbol) [0x01120AC1]\n\t(No symbol) [0x00E36FF6]\n\t(No symbol) [0x00E69876]\n\t(No symbol) [0x00E69C2C]\n\t(No symbol) [0x00E9BD42]\n\t(No symbol) [0x00E87054]\n\t(No symbol) [0x00E9A104]\n\t(No symbol) [0x00E86DA6]\n\t(No symbol) [0x00E61034]\n\t(No symbol) [0x00E61F8D]\n\tGetHandleVerifier [0x012949CC+820268]\n\tsqlite3_dbdata_init [0x01354EBE+652494]\n\tsqlite3_dbdata_init [0x013548D9+650985]\n\tsqlite3_dbdata_init [0x0134962C+605244]\n\tsqlite3_dbdata_init [0x0135586B+654971]\n\t(No symbol) [0x0112FEBC]\n\t(No symbol) [0x01128428]\n\t(No symbol) [0x0112854D]\n\t(No symbol) [0x01115858]\n\tBaseThreadInitThunk [0x75B17BA9+25]\n\tRtlInitializeExceptionChain [0x7749BD2B+107]\n\tRtlClearBits [0x7749BCAF+191]","children":[{"name":"test_find_next_stay","uid":"b8024697313af247","parentUid":"903d7c2dfbd844988d95bbd94873abe7","status":"broken","time":{"start":1702834315908,"stop":1702834315908,"duration":0},"flaky":false,"newFailed":false,"newPassed":false,"newBroken":false,"retriesCount":0,"retriesStatusChange":false,"parameters":[],"tags":[]}],"uid":"903d7c2dfbd844988d95bbd94873abe7"},{"name":"AttributeError: type object 'Endpoints' has no attribute 'SIGN_IN_URL'","children":[{"name":"test_login","uid":"f9e245dcbe1216e4","parentUid":"6650151577a255082e8ad4d579fa4c9e","status":"broken","time":{"start":1702834324924,"stop":1702834324924,"duration":0},"flaky":false,"newFailed":false,"newPassed":false,"newBroken":false,"retriesCount":0,"retriesStatusChange":false,"parameters":[],"tags":[]}],"uid":"6650151577a255082e8ad4d579fa4c9e"},{"name":"AttributeError: 'WebDriver' object has no attribute 'get_elements'","children":[{"name":"test_inspiration_tabs","uid":"563d50595aebe29a","parentUid":"03e3ade12e2b5447b16352d2f964f5ef","status":"broken","time":{"start":1702843326560,"stop":1702843330251,"duration":3691},"flaky":false,"newFailed":false,"newPassed":false,"newBroken":false,"retriesCount":2,"retriesStatusChange":false,"parameters":[],"tags":[]}],"uid":"03e3ade12e2b5447b16352d2f964f5ef"},{"name":"selenium.common.exceptions.ElementNotInteractableException: Message: element not interactable\n  (Session info: chrome=120.0.6099.109)\nStacktrace:\n\tGetHandleVerifier [0x011F6E73+174291]\n\t(No symbol) [0x01120AC1]\n\t(No symbol) [0x00E36E8A]\n\t(No symbol) [0x00E6A6B1]\n\t(No symbol) [0x00E62B4E]\n\t(No symbol) [0x00E8700C]\n\t(No symbol) [0x00E625B0]\n\t(No symbol) [0x00E87414]\n\t(No symbol) [0x00E9A104]\n\t(No symbol) [0x00E86DA6]\n\t(No symbol) [0x00E61034]\n\t(No symbol) [0x00E61F8D]\n\tGetHandleVerifier [0x012949CC+820268]\n\tsqlite3_dbdata_init [0x01354EBE+652494]\n\tsqlite3_dbdata_init [0x013548D9+650985]\n\tsqlite3_dbdata_init [0x0134962C+605244]\n\tsqlite3_dbdata_init [0x0135586B+654971]\n\t(No symbol) [0x0112FEBC]\n\t(No symbol) [0x01128428]\n\t(No symbol) [0x0112854D]\n\t(No symbol) [0x01115858]\n\tBaseThreadInitThunk [0x75B17BA9+25]\n\tRtlInitializeExceptionChain [0x7749BD2B+107]\n\tRtlClearBits [0x7749BCAF+191]","children":[{"name":"test_login","uid":"4ea1da9f590408d7","parentUid":"14c133b8d764a1f867406b99762e1bbf","status":"broken","time":{"start":1702843405397,"stop":1702843416934,"duration":11537},"flaky":false,"newFailed":false,"newPassed":false,"newBroken":false,"retriesCount":2,"retriesStatusChange":false,"parameters":[],"tags":[]}],"uid":"14c133b8d764a1f867406b99762e1bbf"}],"uid":"bdbf199525818fae7a8651db9eafe741"}]}