{"uid":"51b64af7fbc98d5","name":"test_change_language","fullName":"tests.ui.test_header#test_change_language","historyId":"8c6de99b3397f9b5eb3428786448b8d6","time":{"start":1702834291443,"stop":1702834294772,"duration":3329},"status":"broken","statusMessage":"selenium.common.exceptions.NoSuchElementException: Message: no such element: Unable to locate element: {\"method\":\"xpath\",\"selector\":\"/html/body/div[5]/div/div/div[1]/div/div[3]/div[1]/div/div/div/header/div/div[3]/nav/div[1]/div/button\"}\n  (Session info: chrome=120.0.6099.109); For documentation on this error, please visit: https://www.selenium.dev/documentation/webdriver/troubleshooting/errors#no-such-element-exception\nStacktrace:\n\tGetHandleVerifier [0x011F6E73+174291]\n\t(No symbol) [0x01120AC1]\n\t(No symbol) [0x00E36FF6]\n\t(No symbol) [0x00E69876]\n\t(No symbol) [0x00E69C2C]\n\t(No symbol) [0x00E9BD42]\n\t(No symbol) [0x00E87054]\n\t(No symbol) [0x00E9A104]\n\t(No symbol) [0x00E86DA6]\n\t(No symbol) [0x00E61034]\n\t(No symbol) [0x00E61F8D]\n\tGetHandleVerifier [0x012949CC+820268]\n\tsqlite3_dbdata_init [0x01354EBE+652494]\n\tsqlite3_dbdata_init [0x013548D9+650985]\n\tsqlite3_dbdata_init [0x0134962C+605244]\n\tsqlite3_dbdata_init [0x0135586B+654971]\n\t(No symbol) [0x0112FEBC]\n\t(No symbol) [0x01128428]\n\t(No symbol) [0x0112854D]\n\t(No symbol) [0x01115858]\n\tBaseThreadInitThunk [0x75B17BA9+25]\n\tRtlInitializeExceptionChain [0x7749BD2B+107]\n\tRtlClearBits [0x7749BCAF+191]","statusTrace":"driver = <selenium.webdriver.chrome.webdriver.WebDriver (session=\"8dff496661d8f4d348dae4c147d5b50e\")>\n\n    def test_change_language(driver):\n        driver.get(Endpoints.PORTAL_URL)\n        driver.maximize_window()\n        time.sleep(2)\n>       language_icon = driver.find_element(By.XPATH, BasePageLocators.LANG_ICON)\n\ntests\\ui\\test_header.py:50: \n_ _ _ _ _ _ _ _ _ _ _ _ _ _ _ _ _ _ _ _ _ _ _ _ _ _ _ _ _ _ _ _ _ _ _ _ _ _ _ _ _ _ _ _ _ _ _ _ _ _ _ _ _ _ _ _ _ _ _ _ _ _ _ _ _ _ _ _ _ _ _ _ _ _ _ _ _ _ _ _ _ _ _ _ _ _ _ _ _ _\nvenv\\Lib\\site-packages\\selenium\\webdriver\\remote\\webdriver.py:738: in find_element\n    return self.execute(Command.FIND_ELEMENT, {\"using\": by, \"value\": value})[\"value\"]\nvenv\\Lib\\site-packages\\selenium\\webdriver\\remote\\webdriver.py:344: in execute\n    self.error_handler.check_response(response)\n_ _ _ _ _ _ _ _ _ _ _ _ _ _ _ _ _ _ _ _ _ _ _ _ _ _ _ _ _ _ _ _ _ _ _ _ _ _ _ _ _ _ _ _ _ _ _ _ _ _ _ _ _ _ _ _ _ _ _ _ _ _ _ _ _ _ _ _ _ _ _ _ _ _ _ _ _ _ _ _ _ _ _ _ _ _ _ _ _ _\n\nself = <selenium.webdriver.remote.errorhandler.ErrorHandler object at 0x000001CCFC4AB190>\nresponse = {'status': 404, 'value': '{\"value\":{\"error\":\"no such element\",\"message\":\"no such element: Unable to locate element: {\\...dInitThunk [0x75B17BA9+25]\\\\n\\\\tRtlInitializeExceptionChain [0x7749BD2B+107]\\\\n\\\\tRtlClearBits [0x7749BCAF+191]\\\\n\"}}'}\n\n    def check_response(self, response: Dict[str, Any]) -> None:\n        \"\"\"Checks that a JSON response from the WebDriver does not have an\n        error.\n    \n        :Args:\n         - response - The JSON response from the WebDriver server as a dictionary\n           object.\n    \n        :Raises: If the response contains an error message.\n        \"\"\"\n        status = response.get(\"status\", None)\n        if not status or status == ErrorCode.SUCCESS:\n            return\n        value = None\n        message = response.get(\"message\", \"\")\n        screen: str = response.get(\"screen\", \"\")\n        stacktrace = None\n        if isinstance(status, int):\n            value_json = response.get(\"value\", None)\n            if value_json and isinstance(value_json, str):\n                import json\n    \n                try:\n                    value = json.loads(value_json)\n                    if len(value) == 1:\n                        value = value[\"value\"]\n                    status = value.get(\"error\", None)\n                    if not status:\n                        status = value.get(\"status\", ErrorCode.UNKNOWN_ERROR)\n                        message = value.get(\"value\") or value.get(\"message\")\n                        if not isinstance(message, str):\n                            value = message\n                            message = message.get(\"message\")\n                    else:\n                        message = value.get(\"message\", None)\n                except ValueError:\n                    pass\n    \n        exception_class: Type[WebDriverException]\n        e = ErrorCode()\n        error_codes = [item for item in dir(e) if not item.startswith(\"__\")]\n        for error_code in error_codes:\n            error_info = getattr(ErrorCode, error_code)\n            if isinstance(error_info, list) and status in error_info:\n                exception_class = getattr(ExceptionMapping, error_code, WebDriverException)\n                break\n        else:\n            exception_class = WebDriverException\n    \n        if not value:\n            value = response[\"value\"]\n        if isinstance(value, str):\n            raise exception_class(value)\n        if message == \"\" and \"message\" in value:\n            message = value[\"message\"]\n    \n        screen = None  # type: ignore[assignment]\n        if \"screen\" in value:\n            screen = value[\"screen\"]\n    \n        stacktrace = None\n        st_value = value.get(\"stackTrace\") or value.get(\"stacktrace\")\n        if st_value:\n            if isinstance(st_value, str):\n                stacktrace = st_value.split(\"\\n\")\n            else:\n                stacktrace = []\n                try:\n                    for frame in st_value:\n                        line = frame.get(\"lineNumber\", \"\")\n                        file = frame.get(\"fileName\", \"<anonymous>\")\n                        if line:\n                            file = f\"{file}:{line}\"\n                        meth = frame.get(\"methodName\", \"<anonymous>\")\n                        if \"className\" in frame:\n                            meth = f\"{frame['className']}.{meth}\"\n                        msg = \"    at %s (%s)\"\n                        msg = msg % (meth, file)\n                        stacktrace.append(msg)\n                except TypeError:\n                    pass\n        if exception_class == UnexpectedAlertPresentException:\n            alert_text = None\n            if \"data\" in value:\n                alert_text = value[\"data\"].get(\"text\")\n            elif \"alert\" in value:\n                alert_text = value[\"alert\"].get(\"text\")\n            raise exception_class(message, screen, stacktrace, alert_text)  # type: ignore[call-arg]  # mypy is not smart enough here\n>       raise exception_class(message, screen, stacktrace)\nE       selenium.common.exceptions.NoSuchElementException: Message: no such element: Unable to locate element: {\"method\":\"xpath\",\"selector\":\"/html/body/div[5]/div/div/div[1]/div/div[3]/div[1]/div/div/div/header/div/div[3]/nav/div[1]/div/button\"}\nE         (Session info: chrome=120.0.6099.109); For documentation on this error, please visit: https://www.selenium.dev/documentation/webdriver/troubleshooting/errors#no-such-element-exception\nE       Stacktrace:\nE       \tGetHandleVerifier [0x011F6E73+174291]\nE       \t(No symbol) [0x01120AC1]\nE       \t(No symbol) [0x00E36FF6]\nE       \t(No symbol) [0x00E69876]\nE       \t(No symbol) [0x00E69C2C]\nE       \t(No symbol) [0x00E9BD42]\nE       \t(No symbol) [0x00E87054]\nE       \t(No symbol) [0x00E9A104]\nE       \t(No symbol) [0x00E86DA6]\nE       \t(No symbol) [0x00E61034]\nE       \t(No symbol) [0x00E61F8D]\nE       \tGetHandleVerifier [0x012949CC+820268]\nE       \tsqlite3_dbdata_init [0x01354EBE+652494]\nE       \tsqlite3_dbdata_init [0x013548D9+650985]\nE       \tsqlite3_dbdata_init [0x0134962C+605244]\nE       \tsqlite3_dbdata_init [0x0135586B+654971]\nE       \t(No symbol) [0x0112FEBC]\nE       \t(No symbol) [0x01128428]\nE       \t(No symbol) [0x0112854D]\nE       \t(No symbol) [0x01115858]\nE       \tBaseThreadInitThunk [0x75B17BA9+25]\nE       \tRtlInitializeExceptionChain [0x7749BD2B+107]\nE       \tRtlClearBits [0x7749BCAF+191]\n\nvenv\\Lib\\site-packages\\selenium\\webdriver\\remote\\errorhandler.py:229: NoSuchElementException","flaky":false,"newFailed":false,"newBroken":false,"newPassed":false,"retriesCount":0,"retriesStatusChange":false,"beforeStages":[{"name":"driver","time":{"start":1702834289385,"stop":1702834291442,"duration":2057},"status":"passed","steps":[],"attachments":[],"parameters":[],"attachmentsCount":0,"shouldDisplayMessage":false,"stepsCount":0,"attachmentStep":false,"hasContent":false},{"name":"make_failed_screenshot","time":{"start":1702834291442,"stop":1702834291442,"duration":0},"status":"passed","steps":[],"attachments":[],"parameters":[],"attachmentsCount":0,"shouldDisplayMessage":false,"stepsCount":0,"attachmentStep":false,"hasContent":false}],"testStage":{"status":"broken","statusMessage":"selenium.common.exceptions.NoSuchElementException: Message: no such element: Unable to locate element: {\"method\":\"xpath\",\"selector\":\"/html/body/div[5]/div/div/div[1]/div/div[3]/div[1]/div/div/div/header/div/div[3]/nav/div[1]/div/button\"}\n  (Session info: chrome=120.0.6099.109); For documentation on this error, please visit: https://www.selenium.dev/documentation/webdriver/troubleshooting/errors#no-such-element-exception\nStacktrace:\n\tGetHandleVerifier [0x011F6E73+174291]\n\t(No symbol) [0x01120AC1]\n\t(No symbol) [0x00E36FF6]\n\t(No symbol) [0x00E69876]\n\t(No symbol) [0x00E69C2C]\n\t(No symbol) [0x00E9BD42]\n\t(No symbol) [0x00E87054]\n\t(No symbol) [0x00E9A104]\n\t(No symbol) [0x00E86DA6]\n\t(No symbol) [0x00E61034]\n\t(No symbol) [0x00E61F8D]\n\tGetHandleVerifier [0x012949CC+820268]\n\tsqlite3_dbdata_init [0x01354EBE+652494]\n\tsqlite3_dbdata_init [0x013548D9+650985]\n\tsqlite3_dbdata_init [0x0134962C+605244]\n\tsqlite3_dbdata_init [0x0135586B+654971]\n\t(No symbol) [0x0112FEBC]\n\t(No symbol) [0x01128428]\n\t(No symbol) [0x0112854D]\n\t(No symbol) [0x01115858]\n\tBaseThreadInitThunk [0x75B17BA9+25]\n\tRtlInitializeExceptionChain [0x7749BD2B+107]\n\tRtlClearBits [0x7749BCAF+191]","statusTrace":"driver = <selenium.webdriver.chrome.webdriver.WebDriver (session=\"8dff496661d8f4d348dae4c147d5b50e\")>\n\n    def test_change_language(driver):\n        driver.get(Endpoints.PORTAL_URL)\n        driver.maximize_window()\n        time.sleep(2)\n>       language_icon = driver.find_element(By.XPATH, BasePageLocators.LANG_ICON)\n\ntests\\ui\\test_header.py:50: \n_ _ _ _ _ _ _ _ _ _ _ _ _ _ _ _ _ _ _ _ _ _ _ _ _ _ _ _ _ _ _ _ _ _ _ _ _ _ _ _ _ _ _ _ _ _ _ _ _ _ _ _ _ _ _ _ _ _ _ _ _ _ _ _ _ _ _ _ _ _ _ _ _ _ _ _ _ _ _ _ _ _ _ _ _ _ _ _ _ _\nvenv\\Lib\\site-packages\\selenium\\webdriver\\remote\\webdriver.py:738: in find_element\n    return self.execute(Command.FIND_ELEMENT, {\"using\": by, \"value\": value})[\"value\"]\nvenv\\Lib\\site-packages\\selenium\\webdriver\\remote\\webdriver.py:344: in execute\n    self.error_handler.check_response(response)\n_ _ _ _ _ _ _ _ _ _ _ _ _ _ _ _ _ _ _ _ _ _ _ _ _ _ _ _ _ _ _ _ _ _ _ _ _ _ _ _ _ _ _ _ _ _ _ _ _ _ _ _ _ _ _ _ _ _ _ _ _ _ _ _ _ _ _ _ _ _ _ _ _ _ _ _ _ _ _ _ _ _ _ _ _ _ _ _ _ _\n\nself = <selenium.webdriver.remote.errorhandler.ErrorHandler object at 0x000001CCFC4AB190>\nresponse = {'status': 404, 'value': '{\"value\":{\"error\":\"no such element\",\"message\":\"no such element: Unable to locate element: {\\...dInitThunk [0x75B17BA9+25]\\\\n\\\\tRtlInitializeExceptionChain [0x7749BD2B+107]\\\\n\\\\tRtlClearBits [0x7749BCAF+191]\\\\n\"}}'}\n\n    def check_response(self, response: Dict[str, Any]) -> None:\n        \"\"\"Checks that a JSON response from the WebDriver does not have an\n        error.\n    \n        :Args:\n         - response - The JSON response from the WebDriver server as a dictionary\n           object.\n    \n        :Raises: If the response contains an error message.\n        \"\"\"\n        status = response.get(\"status\", None)\n        if not status or status == ErrorCode.SUCCESS:\n            return\n        value = None\n        message = response.get(\"message\", \"\")\n        screen: str = response.get(\"screen\", \"\")\n        stacktrace = None\n        if isinstance(status, int):\n            value_json = response.get(\"value\", None)\n            if value_json and isinstance(value_json, str):\n                import json\n    \n                try:\n                    value = json.loads(value_json)\n                    if len(value) == 1:\n                        value = value[\"value\"]\n                    status = value.get(\"error\", None)\n                    if not status:\n                        status = value.get(\"status\", ErrorCode.UNKNOWN_ERROR)\n                        message = value.get(\"value\") or value.get(\"message\")\n                        if not isinstance(message, str):\n                            value = message\n                            message = message.get(\"message\")\n                    else:\n                        message = value.get(\"message\", None)\n                except ValueError:\n                    pass\n    \n        exception_class: Type[WebDriverException]\n        e = ErrorCode()\n        error_codes = [item for item in dir(e) if not item.startswith(\"__\")]\n        for error_code in error_codes:\n            error_info = getattr(ErrorCode, error_code)\n            if isinstance(error_info, list) and status in error_info:\n                exception_class = getattr(ExceptionMapping, error_code, WebDriverException)\n                break\n        else:\n            exception_class = WebDriverException\n    \n        if not value:\n            value = response[\"value\"]\n        if isinstance(value, str):\n            raise exception_class(value)\n        if message == \"\" and \"message\" in value:\n            message = value[\"message\"]\n    \n        screen = None  # type: ignore[assignment]\n        if \"screen\" in value:\n            screen = value[\"screen\"]\n    \n        stacktrace = None\n        st_value = value.get(\"stackTrace\") or value.get(\"stacktrace\")\n        if st_value:\n            if isinstance(st_value, str):\n                stacktrace = st_value.split(\"\\n\")\n            else:\n                stacktrace = []\n                try:\n                    for frame in st_value:\n                        line = frame.get(\"lineNumber\", \"\")\n                        file = frame.get(\"fileName\", \"<anonymous>\")\n                        if line:\n                            file = f\"{file}:{line}\"\n                        meth = frame.get(\"methodName\", \"<anonymous>\")\n                        if \"className\" in frame:\n                            meth = f\"{frame['className']}.{meth}\"\n                        msg = \"    at %s (%s)\"\n                        msg = msg % (meth, file)\n                        stacktrace.append(msg)\n                except TypeError:\n                    pass\n        if exception_class == UnexpectedAlertPresentException:\n            alert_text = None\n            if \"data\" in value:\n                alert_text = value[\"data\"].get(\"text\")\n            elif \"alert\" in value:\n                alert_text = value[\"alert\"].get(\"text\")\n            raise exception_class(message, screen, stacktrace, alert_text)  # type: ignore[call-arg]  # mypy is not smart enough here\n>       raise exception_class(message, screen, stacktrace)\nE       selenium.common.exceptions.NoSuchElementException: Message: no such element: Unable to locate element: {\"method\":\"xpath\",\"selector\":\"/html/body/div[5]/div/div/div[1]/div/div[3]/div[1]/div/div/div/header/div/div[3]/nav/div[1]/div/button\"}\nE         (Session info: chrome=120.0.6099.109); For documentation on this error, please visit: https://www.selenium.dev/documentation/webdriver/troubleshooting/errors#no-such-element-exception\nE       Stacktrace:\nE       \tGetHandleVerifier [0x011F6E73+174291]\nE       \t(No symbol) [0x01120AC1]\nE       \t(No symbol) [0x00E36FF6]\nE       \t(No symbol) [0x00E69876]\nE       \t(No symbol) [0x00E69C2C]\nE       \t(No symbol) [0x00E9BD42]\nE       \t(No symbol) [0x00E87054]\nE       \t(No symbol) [0x00E9A104]\nE       \t(No symbol) [0x00E86DA6]\nE       \t(No symbol) [0x00E61034]\nE       \t(No symbol) [0x00E61F8D]\nE       \tGetHandleVerifier [0x012949CC+820268]\nE       \tsqlite3_dbdata_init [0x01354EBE+652494]\nE       \tsqlite3_dbdata_init [0x013548D9+650985]\nE       \tsqlite3_dbdata_init [0x0134962C+605244]\nE       \tsqlite3_dbdata_init [0x0135586B+654971]\nE       \t(No symbol) [0x0112FEBC]\nE       \t(No symbol) [0x01128428]\nE       \t(No symbol) [0x0112854D]\nE       \t(No symbol) [0x01115858]\nE       \tBaseThreadInitThunk [0x75B17BA9+25]\nE       \tRtlInitializeExceptionChain [0x7749BD2B+107]\nE       \tRtlClearBits [0x7749BCAF+191]\n\nvenv\\Lib\\site-packages\\selenium\\webdriver\\remote\\errorhandler.py:229: NoSuchElementException","steps":[],"attachments":[{"uid":"347cf3c786291137","name":"stdout","source":"347cf3c786291137.txt","type":"text/plain","size":54}],"parameters":[],"attachmentsCount":1,"shouldDisplayMessage":true,"stepsCount":0,"attachmentStep":false,"hasContent":true},"afterStages":[{"name":"make_failed_screenshot::0","time":{"start":1702834294794,"stop":1702834295075,"duration":281},"status":"passed","steps":[],"attachments":[],"parameters":[],"attachmentsCount":0,"shouldDisplayMessage":false,"stepsCount":0,"attachmentStep":false,"hasContent":false},{"name":"driver::0","time":{"start":1702834295075,"stop":1702834297221,"duration":2146},"status":"passed","steps":[],"attachments":[],"parameters":[],"attachmentsCount":0,"shouldDisplayMessage":false,"stepsCount":0,"attachmentStep":false,"hasContent":false}],"labels":[{"name":"parentSuite","value":"tests.ui"},{"name":"suite","value":"test_header"},{"name":"host","value":"DESKTOP-064OCLQ"},{"name":"thread","value":"23224-MainThread"},{"name":"framework","value":"pytest"},{"name":"language","value":"cpython3"},{"name":"package","value":"tests.ui.test_header"},{"name":"resultFormat","value":"allure2"}],"parameters":[],"links":[],"hidden":true,"retry":true,"extra":{"categories":[],"tags":[]},"source":"51b64af7fbc98d5.json","parameterValues":[]}