{"uid":"b8024697313af247","name":"test_find_next_stay","fullName":"tests.ui.test_header#test_find_next_stay","historyId":"ae1f2150fe86e82bf96186f7ecc223f2","time":{"start":1702834315908,"stop":1702834315908,"duration":0},"status":"broken","statusMessage":"selenium.common.exceptions.NoSuchElementException: Message: no such element: Unable to locate element: {\"method\":\"css selector\",\"selector\":\"[id=\"username\"]\"}\n  (Session info: chrome=120.0.6099.109); For documentation on this error, please visit: https://www.selenium.dev/documentation/webdriver/troubleshooting/errors#no-such-element-exception\nStacktrace:\n\tGetHandleVerifier [0x011F6E73+174291]\n\t(No symbol) [0x01120AC1]\n\t(No symbol) [0x00E36FF6]\n\t(No symbol) [0x00E69876]\n\t(No symbol) [0x00E69C2C]\n\t(No symbol) [0x00E9BD42]\n\t(No symbol) [0x00E87054]\n\t(No symbol) [0x00E9A104]\n\t(No symbol) [0x00E86DA6]\n\t(No symbol) [0x00E61034]\n\t(No symbol) [0x00E61F8D]\n\tGetHandleVerifier [0x012949CC+820268]\n\tsqlite3_dbdata_init [0x01354EBE+652494]\n\tsqlite3_dbdata_init [0x013548D9+650985]\n\tsqlite3_dbdata_init [0x0134962C+605244]\n\tsqlite3_dbdata_init [0x0135586B+654971]\n\t(No symbol) [0x0112FEBC]\n\t(No symbol) [0x01128428]\n\t(No symbol) [0x0112854D]\n\t(No symbol) [0x01115858]\n\tBaseThreadInitThunk [0x75B17BA9+25]\n\tRtlInitializeExceptionChain [0x7749BD2B+107]\n\tRtlClearBits [0x7749BCAF+191]","statusTrace":"driver = <selenium.webdriver.chrome.webdriver.WebDriver (session=\"cbb38dfc0ec1f19006441ee4368e47fb\")>\n\n    @pytest.fixture\n    def logged_in_browser(driver):\n        driver.get(Endpoints.PORTAL_URL)\n    \n        # Здесь можно использовать ваш код для заполнения полей логина и пароля\n        # В этом примере предполагается, что есть поля с id \"username\" и \"password\"\n>       username_input = driver.find_element(By.ID, \"username\")\n\nconftest.py:46: \n_ _ _ _ _ _ _ _ _ _ _ _ _ _ _ _ _ _ _ _ _ _ _ _ _ _ _ _ _ _ _ _ _ _ _ _ _ _ _ _ _ _ _ _ _ _ _ _ _ _ _ _ _ _ _ _ _ _ _ _ _ _ _ _ _ _ _ _ _ _ _ _ _ _ _ _ _ _ _ _ _ _ _ _ _ _ _ _ _ _\nvenv\\Lib\\site-packages\\selenium\\webdriver\\remote\\webdriver.py:738: in find_element\n    return self.execute(Command.FIND_ELEMENT, {\"using\": by, \"value\": value})[\"value\"]\nvenv\\Lib\\site-packages\\selenium\\webdriver\\remote\\webdriver.py:344: in execute\n    self.error_handler.check_response(response)\n_ _ _ _ _ _ _ _ _ _ _ _ _ _ _ _ _ _ _ _ _ _ _ _ _ _ _ _ _ _ _ _ _ _ _ _ _ _ _ _ _ _ _ _ _ _ _ _ _ _ _ _ _ _ _ _ _ _ _ _ _ _ _ _ _ _ _ _ _ _ _ _ _ _ _ _ _ _ _ _ _ _ _ _ _ _ _ _ _ _\n\nself = <selenium.webdriver.remote.errorhandler.ErrorHandler object at 0x000001CCFCA1A290>\nresponse = {'status': 404, 'value': '{\"value\":{\"error\":\"no such element\",\"message\":\"no such element: Unable to locate element: {\\...dInitThunk [0x75B17BA9+25]\\\\n\\\\tRtlInitializeExceptionChain [0x7749BD2B+107]\\\\n\\\\tRtlClearBits [0x7749BCAF+191]\\\\n\"}}'}\n\n    def check_response(self, response: Dict[str, Any]) -> None:\n        \"\"\"Checks that a JSON response from the WebDriver does not have an\n        error.\n    \n        :Args:\n         - response - The JSON response from the WebDriver server as a dictionary\n           object.\n    \n        :Raises: If the response contains an error message.\n        \"\"\"\n        status = response.get(\"status\", None)\n        if not status or status == ErrorCode.SUCCESS:\n            return\n        value = None\n        message = response.get(\"message\", \"\")\n        screen: str = response.get(\"screen\", \"\")\n        stacktrace = None\n        if isinstance(status, int):\n            value_json = response.get(\"value\", None)\n            if value_json and isinstance(value_json, str):\n                import json\n    \n                try:\n                    value = json.loads(value_json)\n                    if len(value) == 1:\n                        value = value[\"value\"]\n                    status = value.get(\"error\", None)\n                    if not status:\n                        status = value.get(\"status\", ErrorCode.UNKNOWN_ERROR)\n                        message = value.get(\"value\") or value.get(\"message\")\n                        if not isinstance(message, str):\n                            value = message\n                            message = message.get(\"message\")\n                    else:\n                        message = value.get(\"message\", None)\n                except ValueError:\n                    pass\n    \n        exception_class: Type[WebDriverException]\n        e = ErrorCode()\n        error_codes = [item for item in dir(e) if not item.startswith(\"__\")]\n        for error_code in error_codes:\n            error_info = getattr(ErrorCode, error_code)\n            if isinstance(error_info, list) and status in error_info:\n                exception_class = getattr(ExceptionMapping, error_code, WebDriverException)\n                break\n        else:\n            exception_class = WebDriverException\n    \n        if not value:\n            value = response[\"value\"]\n        if isinstance(value, str):\n            raise exception_class(value)\n        if message == \"\" and \"message\" in value:\n            message = value[\"message\"]\n    \n        screen = None  # type: ignore[assignment]\n        if \"screen\" in value:\n            screen = value[\"screen\"]\n    \n        stacktrace = None\n        st_value = value.get(\"stackTrace\") or value.get(\"stacktrace\")\n        if st_value:\n            if isinstance(st_value, str):\n                stacktrace = st_value.split(\"\\n\")\n            else:\n                stacktrace = []\n                try:\n                    for frame in st_value:\n                        line = frame.get(\"lineNumber\", \"\")\n                        file = frame.get(\"fileName\", \"<anonymous>\")\n                        if line:\n                            file = f\"{file}:{line}\"\n                        meth = frame.get(\"methodName\", \"<anonymous>\")\n                        if \"className\" in frame:\n                            meth = f\"{frame['className']}.{meth}\"\n                        msg = \"    at %s (%s)\"\n                        msg = msg % (meth, file)\n                        stacktrace.append(msg)\n                except TypeError:\n                    pass\n        if exception_class == UnexpectedAlertPresentException:\n            alert_text = None\n            if \"data\" in value:\n                alert_text = value[\"data\"].get(\"text\")\n            elif \"alert\" in value:\n                alert_text = value[\"alert\"].get(\"text\")\n            raise exception_class(message, screen, stacktrace, alert_text)  # type: ignore[call-arg]  # mypy is not smart enough here\n>       raise exception_class(message, screen, stacktrace)\nE       selenium.common.exceptions.NoSuchElementException: Message: no such element: Unable to locate element: {\"method\":\"css selector\",\"selector\":\"[id=\"username\"]\"}\nE         (Session info: chrome=120.0.6099.109); For documentation on this error, please visit: https://www.selenium.dev/documentation/webdriver/troubleshooting/errors#no-such-element-exception\nE       Stacktrace:\nE       \tGetHandleVerifier [0x011F6E73+174291]\nE       \t(No symbol) [0x01120AC1]\nE       \t(No symbol) [0x00E36FF6]\nE       \t(No symbol) [0x00E69876]\nE       \t(No symbol) [0x00E69C2C]\nE       \t(No symbol) [0x00E9BD42]\nE       \t(No symbol) [0x00E87054]\nE       \t(No symbol) [0x00E9A104]\nE       \t(No symbol) [0x00E86DA6]\nE       \t(No symbol) [0x00E61034]\nE       \t(No symbol) [0x00E61F8D]\nE       \tGetHandleVerifier [0x012949CC+820268]\nE       \tsqlite3_dbdata_init [0x01354EBE+652494]\nE       \tsqlite3_dbdata_init [0x013548D9+650985]\nE       \tsqlite3_dbdata_init [0x0134962C+605244]\nE       \tsqlite3_dbdata_init [0x0135586B+654971]\nE       \t(No symbol) [0x0112FEBC]\nE       \t(No symbol) [0x01128428]\nE       \t(No symbol) [0x0112854D]\nE       \t(No symbol) [0x01115858]\nE       \tBaseThreadInitThunk [0x75B17BA9+25]\nE       \tRtlInitializeExceptionChain [0x7749BD2B+107]\nE       \tRtlClearBits [0x7749BCAF+191]\n\nvenv\\Lib\\site-packages\\selenium\\webdriver\\remote\\errorhandler.py:229: NoSuchElementException","flaky":false,"newFailed":false,"newBroken":false,"newPassed":false,"retriesCount":0,"retriesStatusChange":false,"beforeStages":[{"name":"driver","time":{"start":1702834315908,"stop":1702834317919,"duration":2011},"status":"passed","steps":[],"attachments":[],"parameters":[],"attachmentsCount":0,"shouldDisplayMessage":false,"stepsCount":0,"attachmentStep":false,"hasContent":false},{"name":"make_failed_screenshot","time":{"start":1702834317919,"stop":1702834317919,"duration":0},"status":"passed","steps":[],"attachments":[],"parameters":[],"attachmentsCount":0,"shouldDisplayMessage":false,"stepsCount":0,"attachmentStep":false,"hasContent":false},{"name":"logged_in_browser","time":{"start":1702834317919,"stop":1702834320148,"duration":2229},"status":"broken","statusMessage":"selenium.common.exceptions.NoSuchElementException: Message: no such element: Unable to locate element: {\"method\":\"css selector\",\"selector\":\"[id=\"username\"]\"}\n  (Session info: chrome=120.0.6099.109); For documentation on this error, please visit: https://www.selenium.dev/documentation/webdriver/troubleshooting/errors#no-such-element-exception\nStacktrace:\n\tGetHandleVerifier [0x011F6E73+174291]\n\t(No symbol) [0x01120AC1]\n\t(No symbol) [0x00E36FF6]\n\t(No symbol) [0x00E69876]\n\t(No symbol) [0x00E69C2C]\n\t(No symbol) [0x00E9BD42]\n\t(No symbol) [0x00E87054]\n\t(No symbol) [0x00E9A104]\n\t(No symbol) [0x00E86DA6]\n\t(No symbol) [0x00E61034]\n\t(No symbol) [0x00E61F8D]\n\tGetHandleVerifier [0x012949CC+820268]\n\tsqlite3_dbdata_init [0x01354EBE+652494]\n\tsqlite3_dbdata_init [0x013548D9+650985]\n\tsqlite3_dbdata_init [0x0134962C+605244]\n\tsqlite3_dbdata_init [0x0135586B+654971]\n\t(No symbol) [0x0112FEBC]\n\t(No symbol) [0x01128428]\n\t(No symbol) [0x0112854D]\n\t(No symbol) [0x01115858]\n\tBaseThreadInitThunk [0x75B17BA9+25]\n\tRtlInitializeExceptionChain [0x7749BD2B+107]\n\tRtlClearBits [0x7749BCAF+191]\n\n","statusTrace":"  File \"C:\\Maryja\\AQA\\Diploma\\venv\\Lib\\site-packages\\pluggy\\_callers.py\", line 77, in _multicall\n    res = hook_impl.function(*args)\n          ^^^^^^^^^^^^^^^^^^^^^^^^^\n  File \"C:\\Maryja\\AQA\\Diploma\\venv\\Lib\\site-packages\\_pytest\\fixtures.py\", line 1123, in pytest_fixture_setup\n    result = call_fixture_func(fixturefunc, request, kwargs)\n             ^^^^^^^^^^^^^^^^^^^^^^^^^^^^^^^^^^^^^^^^^^^^^^^\n  File \"C:\\Maryja\\AQA\\Diploma\\venv\\Lib\\site-packages\\_pytest\\fixtures.py\", line 895, in call_fixture_func\n    fixture_result = next(generator)\n                     ^^^^^^^^^^^^^^^\n  File \"C:\\Maryja\\AQA\\Diploma\\conftest.py\", line 46, in logged_in_browser\n    username_input = driver.find_element(By.ID, \"username\")\n                     ^^^^^^^^^^^^^^^^^^^^^^^^^^^^^^^^^^^^^^\n  File \"C:\\Maryja\\AQA\\Diploma\\venv\\Lib\\site-packages\\selenium\\webdriver\\remote\\webdriver.py\", line 738, in find_element\n    return self.execute(Command.FIND_ELEMENT, {\"using\": by, \"value\": value})[\"value\"]\n           ^^^^^^^^^^^^^^^^^^^^^^^^^^^^^^^^^^^^^^^^^^^^^^^^^^^^^^^^^^^^^^^^^\n  File \"C:\\Maryja\\AQA\\Diploma\\venv\\Lib\\site-packages\\selenium\\webdriver\\remote\\webdriver.py\", line 344, in execute\n    self.error_handler.check_response(response)\n  File \"C:\\Maryja\\AQA\\Diploma\\venv\\Lib\\site-packages\\selenium\\webdriver\\remote\\errorhandler.py\", line 229, in check_response\n    raise exception_class(message, screen, stacktrace)\n","steps":[],"attachments":[],"parameters":[],"attachmentsCount":0,"shouldDisplayMessage":true,"stepsCount":0,"attachmentStep":false,"hasContent":true}],"testStage":{"status":"broken","statusMessage":"selenium.common.exceptions.NoSuchElementException: Message: no such element: Unable to locate element: {\"method\":\"css selector\",\"selector\":\"[id=\"username\"]\"}\n  (Session info: chrome=120.0.6099.109); For documentation on this error, please visit: https://www.selenium.dev/documentation/webdriver/troubleshooting/errors#no-such-element-exception\nStacktrace:\n\tGetHandleVerifier [0x011F6E73+174291]\n\t(No symbol) [0x01120AC1]\n\t(No symbol) [0x00E36FF6]\n\t(No symbol) [0x00E69876]\n\t(No symbol) [0x00E69C2C]\n\t(No symbol) [0x00E9BD42]\n\t(No symbol) [0x00E87054]\n\t(No symbol) [0x00E9A104]\n\t(No symbol) [0x00E86DA6]\n\t(No symbol) [0x00E61034]\n\t(No symbol) [0x00E61F8D]\n\tGetHandleVerifier [0x012949CC+820268]\n\tsqlite3_dbdata_init [0x01354EBE+652494]\n\tsqlite3_dbdata_init [0x013548D9+650985]\n\tsqlite3_dbdata_init [0x0134962C+605244]\n\tsqlite3_dbdata_init [0x0135586B+654971]\n\t(No symbol) [0x0112FEBC]\n\t(No symbol) [0x01128428]\n\t(No symbol) [0x0112854D]\n\t(No symbol) [0x01115858]\n\tBaseThreadInitThunk [0x75B17BA9+25]\n\tRtlInitializeExceptionChain [0x7749BD2B+107]\n\tRtlClearBits [0x7749BCAF+191]","statusTrace":"driver = <selenium.webdriver.chrome.webdriver.WebDriver (session=\"cbb38dfc0ec1f19006441ee4368e47fb\")>\n\n    @pytest.fixture\n    def logged_in_browser(driver):\n        driver.get(Endpoints.PORTAL_URL)\n    \n        # Здесь можно использовать ваш код для заполнения полей логина и пароля\n        # В этом примере предполагается, что есть поля с id \"username\" и \"password\"\n>       username_input = driver.find_element(By.ID, \"username\")\n\nconftest.py:46: \n_ _ _ _ _ _ _ _ _ _ _ _ _ _ _ _ _ _ _ _ _ _ _ _ _ _ _ _ _ _ _ _ _ _ _ _ _ _ _ _ _ _ _ _ _ _ _ _ _ _ _ _ _ _ _ _ _ _ _ _ _ _ _ _ _ _ _ _ _ _ _ _ _ _ _ _ _ _ _ _ _ _ _ _ _ _ _ _ _ _\nvenv\\Lib\\site-packages\\selenium\\webdriver\\remote\\webdriver.py:738: in find_element\n    return self.execute(Command.FIND_ELEMENT, {\"using\": by, \"value\": value})[\"value\"]\nvenv\\Lib\\site-packages\\selenium\\webdriver\\remote\\webdriver.py:344: in execute\n    self.error_handler.check_response(response)\n_ _ _ _ _ _ _ _ _ _ _ _ _ _ _ _ _ _ _ _ _ _ _ _ _ _ _ _ _ _ _ _ _ _ _ _ _ _ _ _ _ _ _ _ _ _ _ _ _ _ _ _ _ _ _ _ _ _ _ _ _ _ _ _ _ _ _ _ _ _ _ _ _ _ _ _ _ _ _ _ _ _ _ _ _ _ _ _ _ _\n\nself = <selenium.webdriver.remote.errorhandler.ErrorHandler object at 0x000001CCFCA1A290>\nresponse = {'status': 404, 'value': '{\"value\":{\"error\":\"no such element\",\"message\":\"no such element: Unable to locate element: {\\...dInitThunk [0x75B17BA9+25]\\\\n\\\\tRtlInitializeExceptionChain [0x7749BD2B+107]\\\\n\\\\tRtlClearBits [0x7749BCAF+191]\\\\n\"}}'}\n\n    def check_response(self, response: Dict[str, Any]) -> None:\n        \"\"\"Checks that a JSON response from the WebDriver does not have an\n        error.\n    \n        :Args:\n         - response - The JSON response from the WebDriver server as a dictionary\n           object.\n    \n        :Raises: If the response contains an error message.\n        \"\"\"\n        status = response.get(\"status\", None)\n        if not status or status == ErrorCode.SUCCESS:\n            return\n        value = None\n        message = response.get(\"message\", \"\")\n        screen: str = response.get(\"screen\", \"\")\n        stacktrace = None\n        if isinstance(status, int):\n            value_json = response.get(\"value\", None)\n            if value_json and isinstance(value_json, str):\n                import json\n    \n                try:\n                    value = json.loads(value_json)\n                    if len(value) == 1:\n                        value = value[\"value\"]\n                    status = value.get(\"error\", None)\n                    if not status:\n                        status = value.get(\"status\", ErrorCode.UNKNOWN_ERROR)\n                        message = value.get(\"value\") or value.get(\"message\")\n                        if not isinstance(message, str):\n                            value = message\n                            message = message.get(\"message\")\n                    else:\n                        message = value.get(\"message\", None)\n                except ValueError:\n                    pass\n    \n        exception_class: Type[WebDriverException]\n        e = ErrorCode()\n        error_codes = [item for item in dir(e) if not item.startswith(\"__\")]\n        for error_code in error_codes:\n            error_info = getattr(ErrorCode, error_code)\n            if isinstance(error_info, list) and status in error_info:\n                exception_class = getattr(ExceptionMapping, error_code, WebDriverException)\n                break\n        else:\n            exception_class = WebDriverException\n    \n        if not value:\n            value = response[\"value\"]\n        if isinstance(value, str):\n            raise exception_class(value)\n        if message == \"\" and \"message\" in value:\n            message = value[\"message\"]\n    \n        screen = None  # type: ignore[assignment]\n        if \"screen\" in value:\n            screen = value[\"screen\"]\n    \n        stacktrace = None\n        st_value = value.get(\"stackTrace\") or value.get(\"stacktrace\")\n        if st_value:\n            if isinstance(st_value, str):\n                stacktrace = st_value.split(\"\\n\")\n            else:\n                stacktrace = []\n                try:\n                    for frame in st_value:\n                        line = frame.get(\"lineNumber\", \"\")\n                        file = frame.get(\"fileName\", \"<anonymous>\")\n                        if line:\n                            file = f\"{file}:{line}\"\n                        meth = frame.get(\"methodName\", \"<anonymous>\")\n                        if \"className\" in frame:\n                            meth = f\"{frame['className']}.{meth}\"\n                        msg = \"    at %s (%s)\"\n                        msg = msg % (meth, file)\n                        stacktrace.append(msg)\n                except TypeError:\n                    pass\n        if exception_class == UnexpectedAlertPresentException:\n            alert_text = None\n            if \"data\" in value:\n                alert_text = value[\"data\"].get(\"text\")\n            elif \"alert\" in value:\n                alert_text = value[\"alert\"].get(\"text\")\n            raise exception_class(message, screen, stacktrace, alert_text)  # type: ignore[call-arg]  # mypy is not smart enough here\n>       raise exception_class(message, screen, stacktrace)\nE       selenium.common.exceptions.NoSuchElementException: Message: no such element: Unable to locate element: {\"method\":\"css selector\",\"selector\":\"[id=\"username\"]\"}\nE         (Session info: chrome=120.0.6099.109); For documentation on this error, please visit: https://www.selenium.dev/documentation/webdriver/troubleshooting/errors#no-such-element-exception\nE       Stacktrace:\nE       \tGetHandleVerifier [0x011F6E73+174291]\nE       \t(No symbol) [0x01120AC1]\nE       \t(No symbol) [0x00E36FF6]\nE       \t(No symbol) [0x00E69876]\nE       \t(No symbol) [0x00E69C2C]\nE       \t(No symbol) [0x00E9BD42]\nE       \t(No symbol) [0x00E87054]\nE       \t(No symbol) [0x00E9A104]\nE       \t(No symbol) [0x00E86DA6]\nE       \t(No symbol) [0x00E61034]\nE       \t(No symbol) [0x00E61F8D]\nE       \tGetHandleVerifier [0x012949CC+820268]\nE       \tsqlite3_dbdata_init [0x01354EBE+652494]\nE       \tsqlite3_dbdata_init [0x013548D9+650985]\nE       \tsqlite3_dbdata_init [0x0134962C+605244]\nE       \tsqlite3_dbdata_init [0x0135586B+654971]\nE       \t(No symbol) [0x0112FEBC]\nE       \t(No symbol) [0x01128428]\nE       \t(No symbol) [0x0112854D]\nE       \t(No symbol) [0x01115858]\nE       \tBaseThreadInitThunk [0x75B17BA9+25]\nE       \tRtlInitializeExceptionChain [0x7749BD2B+107]\nE       \tRtlClearBits [0x7749BCAF+191]\n\nvenv\\Lib\\site-packages\\selenium\\webdriver\\remote\\errorhandler.py:229: NoSuchElementException","steps":[],"attachments":[{"uid":"c71e4ce111bba431","name":"stdout","source":"c71e4ce111bba431.txt","type":"text/plain","size":53}],"parameters":[],"attachmentsCount":1,"shouldDisplayMessage":true,"stepsCount":0,"attachmentStep":false,"hasContent":true},"afterStages":[{"name":"make_failed_screenshot::0","time":{"start":1702834320182,"stop":1702834320520,"duration":338},"status":"passed","steps":[],"attachments":[],"parameters":[],"attachmentsCount":0,"shouldDisplayMessage":false,"stepsCount":0,"attachmentStep":false,"hasContent":false},{"name":"driver::0","time":{"start":1702834320521,"stop":1702834322655,"duration":2134},"status":"passed","steps":[],"attachments":[],"parameters":[],"attachmentsCount":0,"shouldDisplayMessage":false,"stepsCount":0,"attachmentStep":false,"hasContent":false}],"labels":[{"name":"parentSuite","value":"tests.ui"},{"name":"suite","value":"test_header"},{"name":"host","value":"DESKTOP-064OCLQ"},{"name":"thread","value":"23224-MainThread"},{"name":"framework","value":"pytest"},{"name":"language","value":"cpython3"},{"name":"package","value":"tests.ui.test_header"},{"name":"resultFormat","value":"allure2"}],"parameters":[],"links":[],"hidden":false,"retry":false,"extra":{"severity":"normal","retries":[],"categories":[{"name":"Test defects","matchedStatuses":[],"flaky":false}],"tags":[]},"source":"b8024697313af247.json","parameterValues":[]}