{"uid":"c98626ee2aacd915","name":"Check the filter icon is clickable","fullName":"tests.ui.test_header#test_filter_is_opening","historyId":"5e74b0c76c81adebb3ddc595a89ac93a","time":{"start":1702840071596,"stop":1702840084613,"duration":13017},"status":"broken","statusMessage":"selenium.common.exceptions.TimeoutException: Message: \nStacktrace:\n\tGetHandleVerifier [0x011F6E73+174291]\n\t(No symbol) [0x01120AC1]\n\t(No symbol) [0x00E36FF6]\n\t(No symbol) [0x00E69876]\n\t(No symbol) [0x00E69C2C]\n\t(No symbol) [0x00E9BD42]\n\t(No symbol) [0x00E87054]\n\t(No symbol) [0x00E9A104]\n\t(No symbol) [0x00E86DA6]\n\t(No symbol) [0x00E61034]\n\t(No symbol) [0x00E61F8D]\n\tGetHandleVerifier [0x012949CC+820268]\n\tsqlite3_dbdata_init [0x01354EBE+652494]\n\tsqlite3_dbdata_init [0x013548D9+650985]\n\tsqlite3_dbdata_init [0x0134962C+605244]\n\tsqlite3_dbdata_init [0x0135586B+654971]\n\t(No symbol) [0x0112FEBC]\n\t(No symbol) [0x01128428]\n\t(No symbol) [0x0112854D]\n\t(No symbol) [0x01115858]\n\tBaseThreadInitThunk [0x75B17BA9+25]\n\tRtlInitializeExceptionChain [0x7749BD2B+107]\n\tRtlClearBits [0x7749BCAF+191]","statusTrace":"driver = <selenium.webdriver.chrome.webdriver.WebDriver (session=\"47d806717b666ce1ba2ab7b283d16192\")>\n\n    @allure.feature(\"Header tests\")\n    @allure.title(\"Check the filter icon is clickable\")\n    def test_filter_is_opening(driver):\n        main_page = MainPage(driver)\n>       main_page.open_main_page_and_close_popup()\n\ntests\\ui\\test_header.py:37: \n_ _ _ _ _ _ _ _ _ _ _ _ _ _ _ _ _ _ _ _ _ _ _ _ _ _ _ _ _ _ _ _ _ _ _ _ _ _ _ _ _ _ _ _ _ _ _ _ _ _ _ _ _ _ _ _ _ _ _ _ _ _ _ _ _ _ _ _ _ _ _ _ _ _ _ _ _ _ _ _ _ _ _ _ _ _ _ _ _ _\npages\\main_page.py:26: in open_main_page_and_close_popup\n    cross_button = wait.until(EC.visibility_of_element_located((By.XPATH, BasePageLocators.CROSS_POPUP_BUTTON)))\n_ _ _ _ _ _ _ _ _ _ _ _ _ _ _ _ _ _ _ _ _ _ _ _ _ _ _ _ _ _ _ _ _ _ _ _ _ _ _ _ _ _ _ _ _ _ _ _ _ _ _ _ _ _ _ _ _ _ _ _ _ _ _ _ _ _ _ _ _ _ _ _ _ _ _ _ _ _ _ _ _ _ _ _ _ _ _ _ _ _\n\nself = <selenium.webdriver.support.wait.WebDriverWait (session=\"47d806717b666ce1ba2ab7b283d16192\")>\nmethod = <function visibility_of_element_located.<locals>._predicate at 0x00000266F7999760>, message = ''\n\n    def until(self, method, message: str = \"\"):\n        \"\"\"Calls the method provided with the driver as an argument until the \\\n        return value does not evaluate to ``False``.\n    \n        :param method: callable(WebDriver)\n        :param message: optional message for :exc:`TimeoutException`\n        :returns: the result of the last call to `method`\n        :raises: :exc:`selenium.common.exceptions.TimeoutException` if timeout occurs\n        \"\"\"\n        screen = None\n        stacktrace = None\n    \n        end_time = time.monotonic() + self._timeout\n        while True:\n            try:\n                value = method(self._driver)\n                if value:\n                    return value\n            except self._ignored_exceptions as exc:\n                screen = getattr(exc, \"screen\", None)\n                stacktrace = getattr(exc, \"stacktrace\", None)\n            time.sleep(self._poll)\n            if time.monotonic() > end_time:\n                break\n>       raise TimeoutException(message, screen, stacktrace)\nE       selenium.common.exceptions.TimeoutException: Message: \nE       Stacktrace:\nE       \tGetHandleVerifier [0x011F6E73+174291]\nE       \t(No symbol) [0x01120AC1]\nE       \t(No symbol) [0x00E36FF6]\nE       \t(No symbol) [0x00E69876]\nE       \t(No symbol) [0x00E69C2C]\nE       \t(No symbol) [0x00E9BD42]\nE       \t(No symbol) [0x00E87054]\nE       \t(No symbol) [0x00E9A104]\nE       \t(No symbol) [0x00E86DA6]\nE       \t(No symbol) [0x00E61034]\nE       \t(No symbol) [0x00E61F8D]\nE       \tGetHandleVerifier [0x012949CC+820268]\nE       \tsqlite3_dbdata_init [0x01354EBE+652494]\nE       \tsqlite3_dbdata_init [0x013548D9+650985]\nE       \tsqlite3_dbdata_init [0x0134962C+605244]\nE       \tsqlite3_dbdata_init [0x0135586B+654971]\nE       \t(No symbol) [0x0112FEBC]\nE       \t(No symbol) [0x01128428]\nE       \t(No symbol) [0x0112854D]\nE       \t(No symbol) [0x01115858]\nE       \tBaseThreadInitThunk [0x75B17BA9+25]\nE       \tRtlInitializeExceptionChain [0x7749BD2B+107]\nE       \tRtlClearBits [0x7749BCAF+191]\n\nvenv\\Lib\\site-packages\\selenium\\webdriver\\support\\wait.py:95: TimeoutException","flaky":false,"newFailed":false,"newBroken":false,"newPassed":false,"retriesCount":0,"retriesStatusChange":false,"beforeStages":[{"name":"driver","time":{"start":1702840065446,"stop":1702840071595,"duration":6149},"status":"passed","steps":[],"attachments":[],"parameters":[],"attachmentsCount":0,"shouldDisplayMessage":false,"stepsCount":0,"attachmentStep":false,"hasContent":false},{"name":"make_failed_screenshot","time":{"start":1702840071595,"stop":1702840071595,"duration":0},"status":"passed","steps":[],"attachments":[],"parameters":[],"attachmentsCount":0,"shouldDisplayMessage":false,"stepsCount":0,"attachmentStep":false,"hasContent":false}],"testStage":{"status":"broken","statusMessage":"selenium.common.exceptions.TimeoutException: Message: \nStacktrace:\n\tGetHandleVerifier [0x011F6E73+174291]\n\t(No symbol) [0x01120AC1]\n\t(No symbol) [0x00E36FF6]\n\t(No symbol) [0x00E69876]\n\t(No symbol) [0x00E69C2C]\n\t(No symbol) [0x00E9BD42]\n\t(No symbol) [0x00E87054]\n\t(No symbol) [0x00E9A104]\n\t(No symbol) [0x00E86DA6]\n\t(No symbol) [0x00E61034]\n\t(No symbol) [0x00E61F8D]\n\tGetHandleVerifier [0x012949CC+820268]\n\tsqlite3_dbdata_init [0x01354EBE+652494]\n\tsqlite3_dbdata_init [0x013548D9+650985]\n\tsqlite3_dbdata_init [0x0134962C+605244]\n\tsqlite3_dbdata_init [0x0135586B+654971]\n\t(No symbol) [0x0112FEBC]\n\t(No symbol) [0x01128428]\n\t(No symbol) [0x0112854D]\n\t(No symbol) [0x01115858]\n\tBaseThreadInitThunk [0x75B17BA9+25]\n\tRtlInitializeExceptionChain [0x7749BD2B+107]\n\tRtlClearBits [0x7749BCAF+191]","statusTrace":"driver = <selenium.webdriver.chrome.webdriver.WebDriver (session=\"47d806717b666ce1ba2ab7b283d16192\")>\n\n    @allure.feature(\"Header tests\")\n    @allure.title(\"Check the filter icon is clickable\")\n    def test_filter_is_opening(driver):\n        main_page = MainPage(driver)\n>       main_page.open_main_page_and_close_popup()\n\ntests\\ui\\test_header.py:37: \n_ _ _ _ _ _ _ _ _ _ _ _ _ _ _ _ _ _ _ _ _ _ _ _ _ _ _ _ _ _ _ _ _ _ _ _ _ _ _ _ _ _ _ _ _ _ _ _ _ _ _ _ _ _ _ _ _ _ _ _ _ _ _ _ _ _ _ _ _ _ _ _ _ _ _ _ _ _ _ _ _ _ _ _ _ _ _ _ _ _\npages\\main_page.py:26: in open_main_page_and_close_popup\n    cross_button = wait.until(EC.visibility_of_element_located((By.XPATH, BasePageLocators.CROSS_POPUP_BUTTON)))\n_ _ _ _ _ _ _ _ _ _ _ _ _ _ _ _ _ _ _ _ _ _ _ _ _ _ _ _ _ _ _ _ _ _ _ _ _ _ _ _ _ _ _ _ _ _ _ _ _ _ _ _ _ _ _ _ _ _ _ _ _ _ _ _ _ _ _ _ _ _ _ _ _ _ _ _ _ _ _ _ _ _ _ _ _ _ _ _ _ _\n\nself = <selenium.webdriver.support.wait.WebDriverWait (session=\"47d806717b666ce1ba2ab7b283d16192\")>\nmethod = <function visibility_of_element_located.<locals>._predicate at 0x00000266F7999760>, message = ''\n\n    def until(self, method, message: str = \"\"):\n        \"\"\"Calls the method provided with the driver as an argument until the \\\n        return value does not evaluate to ``False``.\n    \n        :param method: callable(WebDriver)\n        :param message: optional message for :exc:`TimeoutException`\n        :returns: the result of the last call to `method`\n        :raises: :exc:`selenium.common.exceptions.TimeoutException` if timeout occurs\n        \"\"\"\n        screen = None\n        stacktrace = None\n    \n        end_time = time.monotonic() + self._timeout\n        while True:\n            try:\n                value = method(self._driver)\n                if value:\n                    return value\n            except self._ignored_exceptions as exc:\n                screen = getattr(exc, \"screen\", None)\n                stacktrace = getattr(exc, \"stacktrace\", None)\n            time.sleep(self._poll)\n            if time.monotonic() > end_time:\n                break\n>       raise TimeoutException(message, screen, stacktrace)\nE       selenium.common.exceptions.TimeoutException: Message: \nE       Stacktrace:\nE       \tGetHandleVerifier [0x011F6E73+174291]\nE       \t(No symbol) [0x01120AC1]\nE       \t(No symbol) [0x00E36FF6]\nE       \t(No symbol) [0x00E69876]\nE       \t(No symbol) [0x00E69C2C]\nE       \t(No symbol) [0x00E9BD42]\nE       \t(No symbol) [0x00E87054]\nE       \t(No symbol) [0x00E9A104]\nE       \t(No symbol) [0x00E86DA6]\nE       \t(No symbol) [0x00E61034]\nE       \t(No symbol) [0x00E61F8D]\nE       \tGetHandleVerifier [0x012949CC+820268]\nE       \tsqlite3_dbdata_init [0x01354EBE+652494]\nE       \tsqlite3_dbdata_init [0x013548D9+650985]\nE       \tsqlite3_dbdata_init [0x0134962C+605244]\nE       \tsqlite3_dbdata_init [0x0135586B+654971]\nE       \t(No symbol) [0x0112FEBC]\nE       \t(No symbol) [0x01128428]\nE       \t(No symbol) [0x0112854D]\nE       \t(No symbol) [0x01115858]\nE       \tBaseThreadInitThunk [0x75B17BA9+25]\nE       \tRtlInitializeExceptionChain [0x7749BD2B+107]\nE       \tRtlClearBits [0x7749BCAF+191]\n\nvenv\\Lib\\site-packages\\selenium\\webdriver\\support\\wait.py:95: TimeoutException","steps":[{"name":"Browser starts","time":{"start":1702840071596,"stop":1702840084612,"duration":13016},"status":"broken","statusMessage":"selenium.common.exceptions.TimeoutException: Message: \nStacktrace:\n\tGetHandleVerifier [0x011F6E73+174291]\n\t(No symbol) [0x01120AC1]\n\t(No symbol) [0x00E36FF6]\n\t(No symbol) [0x00E69876]\n\t(No symbol) [0x00E69C2C]\n\t(No symbol) [0x00E9BD42]\n\t(No symbol) [0x00E87054]\n\t(No symbol) [0x00E9A104]\n\t(No symbol) [0x00E86DA6]\n\t(No symbol) [0x00E61034]\n\t(No symbol) [0x00E61F8D]\n\tGetHandleVerifier [0x012949CC+820268]\n\tsqlite3_dbdata_init [0x01354EBE+652494]\n\tsqlite3_dbdata_init [0x013548D9+650985]\n\tsqlite3_dbdata_init [0x0134962C+605244]\n\tsqlite3_dbdata_init [0x0135586B+654971]\n\t(No symbol) [0x0112FEBC]\n\t(No symbol) [0x01128428]\n\t(No symbol) [0x0112854D]\n\t(No symbol) [0x01115858]\n\tBaseThreadInitThunk [0x75B17BA9+25]\n\tRtlInitializeExceptionChain [0x7749BD2B+107]\n\tRtlClearBits [0x7749BCAF+191]\n\n","statusTrace":"  File \"C:\\Maryja\\AQA\\Diploma\\venv\\Lib\\site-packages\\allure_commons\\_allure.py\", line 192, in impl\n    return func(*a, **kw)\n           ^^^^^^^^^^^^^^\n  File \"C:\\Maryja\\AQA\\Diploma\\pages\\main_page.py\", line 26, in open_main_page_and_close_popup\n    cross_button = wait.until(EC.visibility_of_element_located((By.XPATH, BasePageLocators.CROSS_POPUP_BUTTON)))\n                   ^^^^^^^^^^^^^^^^^^^^^^^^^^^^^^^^^^^^^^^^^^^^^^^^^^^^^^^^^^^^^^^^^^^^^^^^^^^^^^^^^^^^^^^^^^^^^\n  File \"C:\\Maryja\\AQA\\Diploma\\venv\\Lib\\site-packages\\selenium\\webdriver\\support\\wait.py\", line 95, in until\n    raise TimeoutException(message, screen, stacktrace)\n","steps":[],"attachments":[],"parameters":[],"attachmentsCount":0,"shouldDisplayMessage":true,"stepsCount":0,"attachmentStep":false,"hasContent":true}],"attachments":[{"uid":"3cdd321190a99852","name":"stdout","source":"3cdd321190a99852.txt","type":"text/plain","size":56}],"parameters":[],"attachmentsCount":1,"shouldDisplayMessage":true,"stepsCount":1,"attachmentStep":false,"hasContent":true},"afterStages":[{"name":"make_failed_screenshot::0","time":{"start":1702840084620,"stop":1702840084880,"duration":260},"status":"passed","steps":[],"attachments":[],"parameters":[],"attachmentsCount":0,"shouldDisplayMessage":false,"stepsCount":0,"attachmentStep":false,"hasContent":false},{"name":"driver::0","time":{"start":1702840084881,"stop":1702840087023,"duration":2142},"status":"passed","steps":[],"attachments":[],"parameters":[],"attachmentsCount":0,"shouldDisplayMessage":false,"stepsCount":0,"attachmentStep":false,"hasContent":false}],"labels":[{"name":"feature","value":"Header tests"},{"name":"parentSuite","value":"tests.ui"},{"name":"suite","value":"test_header"},{"name":"host","value":"DESKTOP-064OCLQ"},{"name":"thread","value":"21560-MainThread"},{"name":"framework","value":"pytest"},{"name":"language","value":"cpython3"},{"name":"package","value":"tests.ui.test_header"},{"name":"resultFormat","value":"allure2"}],"parameters":[],"links":[],"hidden":true,"retry":true,"extra":{"categories":[],"tags":[]},"source":"c98626ee2aacd915.json","parameterValues":[]}